\BOOKMARK [0][-]{chapter.1}{\376\377\000B\000l\000u\000e\000b\000e\000r\000r\000y\000\040\000Q\000u\000i\000n\000o\000a\000\040\000S\000a\000l\000a\000d}{}% 1
\BOOKMARK [0][-]{chapter.2}{\376\377\000C\000o\000w\000b\000o\000y\000\040\000C\000a\000v\000i\000a\000r}{}% 2
\BOOKMARK [0][-]{chapter.3}{\376\377\000L\000a\000y\000e\000r\000e\000d\000\040\000H\000u\000m\000m\000u\000s\000\040\000D\000i\000p}{}% 3
\BOOKMARK [0][-]{chapter.4}{\376\377\000R\000o\000a\000s\000t\000e\000d\000\040\000R\000e\000d\000\040\000P\000e\000p\000p\000e\000r\000\040\000S\000o\000u\000p\000\040\000w\000i\000t\000h\000\040\000Q\000u\000i\000n\000o\000a\000\040\000S\000a\000l\000s\000a}{}% 4
\BOOKMARK [0][-]{chapter.5}{\376\377\000R\000o\000a\000s\000t\000e\000d\000\040\000Y\000a\000m\000\040\000D\000i\000p}{}% 5
\BOOKMARK [0][-]{chapter.6}{\376\377\000A\000w\000e\000s\000o\000m\000e\000\040\000P\000o\000t\000a\000t\000o\000\040\000S\000a\000l\000a\000d}{}% 6
\BOOKMARK [0][-]{chapter.7}{\376\377\000W\000a\000r\000m\000\040\000R\000o\000o\000t\000\040\000V\000e\000g\000e\000t\000a\000b\000l\000e\000\040\000S\000a\000l\000a\000d}{}% 7
\BOOKMARK [0][-]{chapter.8}{\376\377\000B\000a\000c\000o\000n\000\040\000B\000r\000u\000s\000s\000e\000l\000\040\000S\000p\000r\000o\000u\000t\000\040\000S\000a\000l\000a\000d}{}% 8
\BOOKMARK [0][-]{chapter.9}{\376\377\000B\000B\000Q\000\040\000C\000h\000i\000c\000k\000e\000n\000\040\000S\000a\000l\000a\000d}{}% 9
\BOOKMARK [0][-]{chapter.10}{\376\377\000B\000e\000e\000f\000\040\000B\000r\000o\000c\000c\000o\000l\000i\000\040\000S\000t\000i\000r\000\040\000F\000r\000y}{}% 10
\BOOKMARK [0][-]{chapter.11}{\376\377\000B\000u\000r\000r\000i\000t\000o\000\040\000B\000o\000w\000l\000s\000\040\000w\000i\000t\000h\000\040\000C\000a\000r\000n\000i\000t\000a\000s\000\040\000a\000n\000d\000\040\000C\000h\000i\000p\000o\000t\000l\000e\000\040\000M\000a\000y\000o}{}% 11
\BOOKMARK [0][-]{chapter.12}{\376\377\000C\000r\000o\000c\000k\000p\000o\000t\000\040\000B\000e\000e\000f\000\040\000S\000t\000e\000w}{}% 12
\BOOKMARK [0][-]{chapter.13}{\376\377\000H\000a\000n\000g\000o\000v\000e\000r\000\040\000H\000a\000s\000h}{}% 13
\BOOKMARK [0][-]{chapter.14}{\376\377\000M\000e\000x\000i\000c\000a\000n\000\040\000C\000a\000s\000s\000e\000r\000o\000l\000e\000\040\000w\000i\000t\000h\000\040\000R\000o\000a\000s\000t\000e\000d\000\040\000C\000o\000r\000n\000\040\000a\000n\000d\000\040\000P\000e\000p\000p\000e\000r\000s}{}% 14
\BOOKMARK [0][-]{chapter.15}{\376\377\000P\000C\000C\000\040\000C\000h\000i\000l\000i\000\040\000C\000o\000n\000\040\000C\000a\000r\000n\000e}{}% 15
\BOOKMARK [0][-]{chapter.16}{\376\377\000P\000i\000n\000e\000\040\000N\000u\000t\000\040\000P\000a\000s\000t\000a}{}% 16
\BOOKMARK [0][-]{chapter.17}{\376\377\000P\000o\000t\000a\000t\000o\000\040\000L\000e\000e\000k\000\040\000S\000o\000u\000p}{}% 17
\BOOKMARK [0][-]{chapter.18}{\376\377\000R\000o\000a\000s\000t\000e\000d\000\040\000S\000q\000u\000a\000s\000h\000\040\000R\000i\000s\000o\000t\000t\000o}{}% 18
\BOOKMARK [0][-]{chapter.19}{\376\377\000S\000k\000i\000l\000l\000e\000t\000\040\000L\000a\000s\000a\000g\000n\000a}{}% 19
\BOOKMARK [0][-]{chapter.20}{\376\377\000S\000o\000u\000t\000h\000\040\000A\000m\000e\000r\000i\000c\000a\000n\000\040\000Q\000u\000i\000n\000o\000a\000\040\000S\000a\000l\000a\000d}{}% 20
\BOOKMARK [0][-]{chapter.21}{\376\377\000S\000w\000e\000e\000t\000\040\000P\000o\000t\000a\000t\000o\000\040\000H\000a\000s\000h}{}% 21
\BOOKMARK [0][-]{chapter.22}{\376\377\000S\000w\000e\000e\000t\000\040\000P\000o\000t\000a\000t\000o\000\040\000S\000o\000u\000f\000f\000l\000e}{}% 22
\BOOKMARK [0][-]{chapter.23}{\376\377\000B\000a\000c\000o\000n\000\040\000a\000n\000d\000\040\000L\000e\000e\000k\000\040\000Q\000u\000i\000c\000h\000e}{}% 23
\BOOKMARK [0][-]{chapter.24}{\376\377\000C\000h\000i\000c\000k\000e\000n\000\040\000E\000n\000c\000h\000i\000l\000a\000d\000a\000\040\000C\000a\000s\000s\000a\000r\000o\000l\000e}{}% 24
\BOOKMARK [0][-]{chapter.25}{\376\377\000P\000o\000t\000a\000t\000o\000\040\000P\000i\000e}{}% 25
\BOOKMARK [0][-]{chapter.26}{\376\377\000Q\000u\000i\000c\000h\000e}{}% 26
\BOOKMARK [0][-]{chapter.27}{\376\377\000S\000h\000e\000p\000h\000e\000r\000d\040\031\000s\000\040\000P\000i\000e}{}% 27
\BOOKMARK [0][-]{chapter.28}{\376\377\000C\000h\000o\000p\000p\000e\000d\000\040\000T\000h\000a\000i\000\040\000S\000a\000l\000a\000d\000\040\000w\000i\000t\000h\000\040\000C\000o\000c\000o\000n\000u\000t\000\040\000C\000u\000r\000r\000y\000\040\000D\000r\000e\000s\000s\000i\000n\000g}{}% 28
\BOOKMARK [0][-]{chapter.29}{\376\377\000C\000h\000o\000p\000p\000e\000d\000\040\000T\000h\000a\000i\000\040\000C\000h\000i\000c\000k\000e\000n\000\040\000S\000a\000l\000a\000d}{}% 29
\BOOKMARK [0][-]{chapter.30}{\376\377\000F\000r\000e\000s\000h\000\040\000R\000o\000l\000l\000\040\000B\000o\000w\000l\000s}{}% 30
\BOOKMARK [0][-]{chapter.31}{\376\377\000T\000h\000a\000i\000\040\000B\000a\000s\000i\000l\000\040\000B\000e\000e\000f\000\040\000w\000i\000t\000h\000\040\000C\000o\000c\000o\000n\000u\000t\000\040\000R\000i\000c\000e}{}% 31
\BOOKMARK [0][-]{chapter.32}{\376\377\000P\000i\000n\000e\000a\000p\000p\000l\000e\000\040\000F\000r\000i\000e\000d\000\040\000R\000i\000c\000e}{}% 32
\BOOKMARK [0][-]{chapter.33}{\376\377\000P\000o\000w\000e\000r\000\040\000S\000a\000l\000a\000d\000\040\040\023\000\040\000C\000h\000o\000p\000p\000e\000d\000\040\000T\000h\000a\000i\000\040\000S\000a\000l\000a\000d\000\040\000w\000i\000t\000h\000\040\000S\000e\000s\000a\000m\000e\000\040\000G\000a\000r\000l\000i\000c\000\040\000D\000r\000e\000s\000s\000i\000n\000g}{}% 33
\BOOKMARK [0][-]{chapter.34}{\376\377\000A\000p\000p\000l\000e\000\040\000C\000a\000k\000e}{}% 34
\BOOKMARK [0][-]{chapter.35}{\376\377\000D\000o\000u\000b\000l\000e\000\040\000A\000p\000p\000l\000e\000\040\000S\000p\000i\000c\000e\000\040\000M\000u\000f\000f\000i\000n\000s}{}% 35
\BOOKMARK [0][-]{chapter.36}{\376\377\000S\000u\000g\000a\000r\000e\000d\000\040\000P\000e\000c\000a\000n\000s}{}% 36
\BOOKMARK [0][-]{chapter.37}{\376\377\000C\000r\000o\000c\000k\000p\000o\000t\000\040\000P\000u\000m\000p\000k\000i\000n\000\040\000P\000u\000d\000d\000i\000n\000g}{}% 37
\BOOKMARK [0][-]{chapter.38}{\376\377\000H\000e\000a\000l\000t\000h\000y\000\040\000P\000u\000m\000p\000k\000i\000n\000\040\000B\000r\000e\000a\000d\000\040\000\050\000C\000a\000k\000e\000\051}{}% 38
\BOOKMARK [0][-]{chapter.39}{\376\377\000S\000a\000l\000t\000e\000d\000\040\000C\000a\000r\000a\000m\000e\000l\000\040\000F\000r\000o\000s\000t\000i\000n\000g}{}% 39
\BOOKMARK [0][-]{chapter.40}{\376\377\000S\000p\000i\000c\000e\000\040\000C\000a\000k\000e}{}% 40
